07:44:31.914 [TestNG-tests-2] INFO  testCases.TC_001_AccountRegistrationTest - ***  Starting TC_001_AccountRegistrationTest  ***
07:44:32.040 [TestNG-tests-2] INFO  testCases.TC_001_AccountRegistrationTest - Clicked on My Account Link
07:44:32.583 [TestNG-tests-2] INFO  testCases.TC_001_AccountRegistrationTest - Clicked on registerlink Link
07:44:32.587 [TestNG-tests-2] INFO  testCases.TC_001_AccountRegistrationTest - Providing Customer Data
07:44:32.708 [TestNG-tests-1] INFO  testCases.TC_001_AccountRegistrationTest - ***  Starting TC_001_AccountRegistrationTest  ***
07:44:32.856 [TestNG-tests-1] INFO  testCases.TC_001_AccountRegistrationTest - Clicked on My Account Link
07:44:33.470 [TestNG-tests-1] INFO  testCases.TC_001_AccountRegistrationTest - Clicked on registerlink Link
07:44:33.473 [TestNG-tests-1] INFO  testCases.TC_001_AccountRegistrationTest - Providing Customer Data
07:44:34.834 [TestNG-tests-2] INFO  testCases.TC_001_AccountRegistrationTest - test Failed
07:44:35.313 [TestNG-tests-1] INFO  testCases.TC_001_AccountRegistrationTest - test Failed
07:48:44.665 [TestNG-tests-1] INFO  testCases.TC_001_AccountRegistrationTest - ***  Starting TC_001_AccountRegistrationTest  ***
07:48:44.797 [TestNG-tests-1] INFO  testCases.TC_001_AccountRegistrationTest - Clicked on My Account Link
07:48:45.726 [TestNG-tests-1] INFO  testCases.TC_001_AccountRegistrationTest - Clicked on registerlink Link
07:48:45.732 [TestNG-tests-1] INFO  testCases.TC_001_AccountRegistrationTest - Providing Customer Data
07:48:47.081 [TestNG-tests-2] INFO  testCases.TC_001_AccountRegistrationTest - ***  Starting TC_001_AccountRegistrationTest  ***
07:48:47.179 [TestNG-tests-2] INFO  testCases.TC_001_AccountRegistrationTest - Clicked on My Account Link
07:48:47.656 [TestNG-tests-2] INFO  testCases.TC_001_AccountRegistrationTest - Clicked on registerlink Link
07:48:47.659 [TestNG-tests-2] INFO  testCases.TC_001_AccountRegistrationTest - Providing Customer Data
07:48:47.782 [TestNG-tests-1] INFO  testCases.TC_001_AccountRegistrationTest - test Failed
07:48:49.322 [TestNG-tests-2] INFO  testCases.TC_001_AccountRegistrationTest - test Failed
08:01:13.817 [main] INFO  testCases.TC_001_AccountRegistrationTest - ***  Starting TC_001_AccountRegistrationTest  ***
08:01:13.920 [main] INFO  testCases.TC_001_AccountRegistrationTest - Clicked on My Account Link
08:01:14.434 [main] INFO  testCases.TC_001_AccountRegistrationTest - Clicked on registerlink Link
08:01:14.436 [main] INFO  testCases.TC_001_AccountRegistrationTest - Providing Customer Data
08:01:16.138 [main] INFO  testCases.TC_001_AccountRegistrationTest - test Failed
09:44:57.227 [main] INFO  testCases.TC_001_AccountRegistrationTest - ***  Starting TC_001_AccountRegistrationTest  ***
09:44:57.343 [main] INFO  testCases.TC_001_AccountRegistrationTest - Clicked on My Account Link
09:44:57.980 [main] INFO  testCases.TC_001_AccountRegistrationTest - Clicked on registerlink Link
09:44:57.982 [main] INFO  testCases.TC_001_AccountRegistrationTest - Providing Customer Data
09:44:59.736 [main] INFO  testCases.TC_001_AccountRegistrationTest - test Failed
09:45:54.184 [main] INFO  testCases.TC_001_AccountRegistrationTest - ***  Starting TC_001_AccountRegistrationTest  ***
09:45:54.316 [main] INFO  testCases.TC_001_AccountRegistrationTest - Clicked on My Account Link
09:45:54.926 [main] INFO  testCases.TC_001_AccountRegistrationTest - Clicked on registerlink Link
09:45:54.929 [main] INFO  testCases.TC_001_AccountRegistrationTest - Providing Customer Data
09:45:56.685 [main] INFO  testCases.TC_001_AccountRegistrationTest - test Failed
03:04:28.044 [main] INFO  testCases.TC_003_LoginDataDrivenTest - *** TC_002_LoginTest Start ***
03:04:38.844 [main] INFO  testCases.TC_003_LoginDataDrivenTest - *** TC_002_LoginTest finished ***
03:04:38.884 [main] INFO  testCases.TC_003_LoginDataDrivenTest - *** TC_002_LoginTest Start ***
03:48:43.663 [main] INFO  testCases.TC_002_LoginTest - *** TC_002_LoginTest Start ***
03:51:50.219 [main] INFO  testCases.TC_002_LoginTest - *** TC_002_LoginTest Start ***
03:52:42.114 [main] INFO  testCases.TC_001_AccountRegistrationTest - ***  Starting TC_001_AccountRegistrationTest  ***
03:52:42.223 [main] INFO  testCases.TC_001_AccountRegistrationTest - Clicked on My Account Link
03:52:43.318 [main] INFO  testCases.TC_001_AccountRegistrationTest - Clicked on registerlink Link
03:52:43.321 [main] INFO  testCases.TC_001_AccountRegistrationTest - Providing Customer Data
03:52:44.982 [main] INFO  testCases.TC_001_AccountRegistrationTest - test Failed
03:52:47.533 [main] INFO  testCases.TC_002_LoginTest - *** TC_002_LoginTest Start ***
18:01:39.652 [main] INFO  testCases.TC_003_LoginDataDrivenTest - *** TC_002_LoginTest Start ***
18:01:50.980 [main] INFO  testCases.TC_003_LoginDataDrivenTest - *** TC_002_LoginTest finished ***
18:01:51.023 [main] INFO  testCases.TC_003_LoginDataDrivenTest - *** TC_002_LoginTest Start ***
18:02:27.567 [main] INFO  testCases.TC_001_AccountRegistrationTest - ***  Starting TC_001_AccountRegistrationTest  ***
18:02:27.704 [main] INFO  testCases.TC_001_AccountRegistrationTest - Clicked on My Account Link
18:02:28.160 [main] INFO  testCases.TC_001_AccountRegistrationTest - Clicked on registerlink Link
18:02:28.256 [main] INFO  testCases.TC_001_AccountRegistrationTest - Providing Customer Data
18:02:29.856 [main] INFO  testCases.TC_001_AccountRegistrationTest - test Failed
18:02:31.992 [main] INFO  testCases.TC_002_LoginTest - *** TC_002_LoginTest Start ***
18:03:33.077 [main] INFO  testCases.TC_001_AccountRegistrationTest - ***  Starting TC_001_AccountRegistrationTest  ***
18:03:33.187 [main] INFO  testCases.TC_001_AccountRegistrationTest - Clicked on My Account Link
18:03:33.586 [main] INFO  testCases.TC_001_AccountRegistrationTest - Clicked on registerlink Link
18:03:33.589 [main] INFO  testCases.TC_001_AccountRegistrationTest - Providing Customer Data
18:03:35.157 [main] INFO  testCases.TC_001_AccountRegistrationTest - test Failed
18:03:37.366 [main] INFO  testCases.TC_002_LoginTest - *** TC_002_LoginTest Start ***
18:10:14.007 [main] INFO  testCases.TC_001_AccountRegistrationTest - ***  Starting TC_001_AccountRegistrationTest  ***
18:10:14.131 [main] INFO  testCases.TC_001_AccountRegistrationTest - Clicked on My Account Link
18:10:14.576 [main] INFO  testCases.TC_001_AccountRegistrationTest - Clicked on registerlink Link
18:10:14.578 [main] INFO  testCases.TC_001_AccountRegistrationTest - Providing Customer Data
18:10:16.150 [main] INFO  testCases.TC_001_AccountRegistrationTest - test Failed
18:10:18.299 [main] INFO  testCases.TC_002_LoginTest - *** TC_002_LoginTest Start ***
06:20:29.950 [main] INFO  testCases.TC_001_AccountRegistrationTest - ***  Starting TC_001_AccountRegistrationTest  ***
06:20:30.155 [main] INFO  testCases.TC_001_AccountRegistrationTest - Clicked on My Account Link
06:20:30.783 [main] INFO  testCases.TC_001_AccountRegistrationTest - Clicked on registerlink Link
06:20:30.786 [main] INFO  testCases.TC_001_AccountRegistrationTest - Providing Customer Data
06:20:32.466 [main] INFO  testCases.TC_001_AccountRegistrationTest - test Failed
06:23:30.992 [main] INFO  testCases.TC_002_LoginTest - *** TC_002_LoginTest Start ***
06:25:19.488 [main] INFO  testCases.TC_002_LoginTest - *** TC_002_LoginTest Start ***
06:25:20.567 [main] INFO  testCases.TC_002_LoginTest - *** TC_002_LoginTest finished ***
06:28:06.843 [main] INFO  testCases.TC_001_AccountRegistrationTest - ***  Starting TC_001_AccountRegistrationTest  ***
06:28:06.944 [main] INFO  testCases.TC_001_AccountRegistrationTest - Clicked on My Account Link
06:28:07.319 [main] INFO  testCases.TC_001_AccountRegistrationTest - Clicked on registerlink Link
06:28:07.321 [main] INFO  testCases.TC_001_AccountRegistrationTest - Providing Customer Data
06:28:08.695 [main] INFO  testCases.TC_001_AccountRegistrationTest - test Failed
06:28:10.581 [main] INFO  testCases.TC_002_LoginTest - *** TC_002_LoginTest Start ***
06:28:11.694 [main] INFO  testCases.TC_002_LoginTest - *** TC_002_LoginTest finished ***
06:28:37.197 [main] INFO  testCases.TC_001_AccountRegistrationTest - ***  Starting TC_001_AccountRegistrationTest  ***
06:28:37.286 [main] INFO  testCases.TC_001_AccountRegistrationTest - Clicked on My Account Link
06:28:37.597 [main] INFO  testCases.TC_001_AccountRegistrationTest - Clicked on registerlink Link
06:28:37.600 [main] INFO  testCases.TC_001_AccountRegistrationTest - Providing Customer Data
06:28:38.962 [main] INFO  testCases.TC_001_AccountRegistrationTest - test Failed
06:31:05.552 [main] INFO  testCases.TC_001_AccountRegistrationTest - ***  Starting TC_001_AccountRegistrationTest  ***
06:31:05.650 [main] INFO  testCases.TC_001_AccountRegistrationTest - Clicked on My Account Link
06:31:06.014 [main] INFO  testCases.TC_001_AccountRegistrationTest - Clicked on registerlink Link
06:31:06.015 [main] INFO  testCases.TC_001_AccountRegistrationTest - Providing Customer Data
06:32:20.161 [main] INFO  testCases.TC_001_AccountRegistrationTest - ***  Starting TC_001_AccountRegistrationTest  ***
06:32:20.252 [main] INFO  testCases.TC_001_AccountRegistrationTest - Clicked on My Account Link
06:32:20.628 [main] INFO  testCases.TC_001_AccountRegistrationTest - Clicked on registerlink Link
06:32:20.631 [main] INFO  testCases.TC_001_AccountRegistrationTest - Providing Customer Data
06:33:12.808 [main] INFO  testCases.TC_001_AccountRegistrationTest - ***  Starting TC_001_AccountRegistrationTest  ***
06:33:12.898 [main] INFO  testCases.TC_001_AccountRegistrationTest - Clicked on My Account Link
06:33:13.208 [main] INFO  testCases.TC_001_AccountRegistrationTest - Clicked on registerlink Link
06:33:13.210 [main] INFO  testCases.TC_001_AccountRegistrationTest - Providing Customer Data
06:33:44.403 [main] INFO  testCases.TC_001_AccountRegistrationTest - ***  Starting TC_001_AccountRegistrationTest  ***
06:33:44.515 [main] INFO  testCases.TC_001_AccountRegistrationTest - Clicked on My Account Link
06:33:44.843 [main] INFO  testCases.TC_001_AccountRegistrationTest - Clicked on registerlink Link
06:33:44.844 [main] INFO  testCases.TC_001_AccountRegistrationTest - Providing Customer Data
06:33:45.199 [main] INFO  testCases.TC_001_AccountRegistrationTest - Clicked on continue button
06:33:45.673 [main] INFO  testCases.TC_001_AccountRegistrationTest - Clicked on My Account Link
06:33:45.673 [main] INFO  testCases.TC_001_AccountRegistrationTest - Validating Expected Message
06:35:32.327 [main] INFO  testCases.TC_001_AccountRegistrationTest - ***  Starting TC_001_AccountRegistrationTest  ***
06:35:32.415 [main] INFO  testCases.TC_001_AccountRegistrationTest - Clicked on My Account Link
06:35:32.765 [main] INFO  testCases.TC_001_AccountRegistrationTest - Clicked on registerlink Link
06:35:32.767 [main] INFO  testCases.TC_001_AccountRegistrationTest - Providing Customer Data
06:35:33.123 [main] INFO  testCases.TC_001_AccountRegistrationTest - Clicked on continue button
06:35:33.612 [main] INFO  testCases.TC_001_AccountRegistrationTest - Clicked on My Account Link
06:35:33.612 [main] INFO  testCases.TC_001_AccountRegistrationTest - Validating Expected Message
06:35:33.613 [main] INFO  testCases.TC_001_AccountRegistrationTest - ***  Finished TC_001_AccountRegistrationTest  ***
06:50:19.276 [main] INFO  testCases.TC_001_AccountRegistrationTest - ***  Starting TC_001_AccountRegistrationTest  ***
06:50:19.374 [main] INFO  testCases.TC_001_AccountRegistrationTest - Clicked on My Account Link
06:50:19.728 [main] INFO  testCases.TC_001_AccountRegistrationTest - Clicked on registerlink Link
06:50:19.730 [main] INFO  testCases.TC_001_AccountRegistrationTest - Providing Customer Data
06:50:20.090 [main] INFO  testCases.TC_001_AccountRegistrationTest - Clicked on continue button
06:50:20.543 [main] INFO  testCases.TC_001_AccountRegistrationTest - Clicked on My Account Link
06:50:20.543 [main] INFO  testCases.TC_001_AccountRegistrationTest - Validating Expected Message
06:50:20.545 [main] INFO  testCases.TC_001_AccountRegistrationTest - ***  Finished TC_001_AccountRegistrationTest  ***
06:58:18.172 [main] INFO  testCases.TC_001_AccountRegistrationTest - ***  Starting TC_001_AccountRegistrationTest  ***
06:58:18.279 [main] INFO  testCases.TC_001_AccountRegistrationTest - Clicked on My Account Link
06:58:18.638 [main] INFO  testCases.TC_001_AccountRegistrationTest - Clicked on registerlink Link
06:58:18.639 [main] INFO  testCases.TC_001_AccountRegistrationTest - Providing Customer Data
06:58:19.058 [main] INFO  testCases.TC_001_AccountRegistrationTest - Clicked on continue button
06:58:19.588 [main] INFO  testCases.TC_001_AccountRegistrationTest - Clicked on My Account Link
06:58:19.588 [main] INFO  testCases.TC_001_AccountRegistrationTest - Validating Expected Message
06:58:19.590 [main] INFO  testCases.TC_001_AccountRegistrationTest - ***  Finished TC_001_AccountRegistrationTest  ***
07:01:08.587 [main] INFO  testCases.TC_001_AccountRegistrationTest - ***  Starting TC_001_AccountRegistrationTest  ***
07:01:08.693 [main] INFO  testCases.TC_001_AccountRegistrationTest - Clicked on My Account Link
07:01:09.056 [main] INFO  testCases.TC_001_AccountRegistrationTest - Clicked on registerlink Link
07:01:09.057 [main] INFO  testCases.TC_001_AccountRegistrationTest - Providing Customer Data
07:01:09.430 [main] INFO  testCases.TC_001_AccountRegistrationTest - Clicked on continue button
07:01:09.951 [main] INFO  testCases.TC_001_AccountRegistrationTest - Clicked on My Account Link
07:01:09.951 [main] INFO  testCases.TC_001_AccountRegistrationTest - Validating Expected Message
07:01:09.953 [main] INFO  testCases.TC_001_AccountRegistrationTest - ***  Finished TC_001_AccountRegistrationTest  ***
07:01:36.577 [main] INFO  testCases.TC_001_AccountRegistrationTest - ***  Starting TC_001_AccountRegistrationTest  ***
07:01:36.680 [main] INFO  testCases.TC_001_AccountRegistrationTest - Clicked on My Account Link
07:01:37.059 [main] INFO  testCases.TC_001_AccountRegistrationTest - Clicked on registerlink Link
07:01:37.060 [main] INFO  testCases.TC_001_AccountRegistrationTest - Providing Customer Data
07:01:37.437 [main] INFO  testCases.TC_001_AccountRegistrationTest - Clicked on continue button
07:01:37.958 [main] INFO  testCases.TC_001_AccountRegistrationTest - Clicked on My Account Link
07:01:37.958 [main] INFO  testCases.TC_001_AccountRegistrationTest - Validating Expected Message
07:01:37.970 [main] INFO  testCases.TC_001_AccountRegistrationTest - ***  Finished TC_001_AccountRegistrationTest  ***
